0 info it worked if it ends with ok
1 verbose cli [ 'C:\\Program Files\\nodejs\\node.exe',
1 verbose cli   'C:\\Users\\anands\\AppData\\Roaming\\npm\\node_modules\\npm\\bin\\npm-cli.js',
1 verbose cli   'publish' ]
2 info using npm@3.7.5
3 info using node@v4.3.2
4 verbose publish [ '.' ]
5 silly cache add args [ '.', null ]
6 verbose cache add spec .
7 silly cache add parsed spec Result {
7 silly cache add   raw: '.',
7 silly cache add   scope: null,
7 silly cache add   name: null,
7 silly cache add   rawSpec: '.',
7 silly cache add   spec: 'F:\\Anand_Git_local\\appium-uiautomator2-driver',
7 silly cache add   type: 'directory' }
8 verbose addLocalDirectory C:\Users\anands\AppData\Roaming\npm-cache\appium-uiautomator2-driver-test-1\1.2.56\package.tgz not in flight; packing
9 verbose correctMkdir C:\Users\anands\AppData\Roaming\npm-cache correctMkdir not in flight; initializing
10 info lifecycle appium-uiautomator2-driver-test-1@1.2.56~prepublish: appium-uiautomator2-driver-test-1@1.2.56
11 verbose lifecycle appium-uiautomator2-driver-test-1@1.2.56~prepublish: unsafe-perm in lifecycle true
12 verbose lifecycle appium-uiautomator2-driver-test-1@1.2.56~prepublish: PATH: C:\Users\anands\AppData\Roaming\npm\node_modules\npm\bin\node-gyp-bin;F:\Anand_Git_local\appium-uiautomator2-driver\node_modules\.bin;C:\Program Files\nodejs;C:\ProgramData\Oracle\Java\javapath;c:\Program Files (x86)\Intel\iCLS Client\;c:\Program Files\Intel\iCLS Client\;C:\WINDOWS\system32;C:\WINDOWS;C:\WINDOWS\System32\Wbem;C:\WINDOWS\System32\WindowsPowerShell\v1.0\;C:\Program Files\Intel\Intel(R) Management Engine Components\DAL;C:\Program Files\Intel\Intel(R) Management Engine Components\IPT;C:\Program Files (x86)\Intel\Intel(R) Management Engine Components\DAL;C:\Program Files (x86)\Intel\Intel(R) Management Engine Components\IPT;C:\Program Files (x86)\Windows Live\Shared;D:\Appium_Aug26\adt-bundle-windows-x86_64-20131030\sdk\tools;D:\Appium_Aug26\adt-bundle-windows-x86_64-20131030\sdk\platform-tools;D:\Appium_Aug26\adt-bundle-windows-x86_64-20131030\sdk;D:\Appium_Aug26\adt-bundle-windows-x86_64-20131030\sdk\platforms;C:\Program Files\Java\jdk1.7.0_79\bin;D:\Appium_Aug26\apache-maven-3.3.3\bin;D:\Appium_Aug26\apache-ant-1.9.6-bin\apache-ant-1.9.6\bin;D:\Appium_Aug26\gradle-2.7-bin\gradle-2.7\bin;C:\Program Files (x86)\Skype\Phone\;C:\Program Files\nodejs\;D:\Appium_Aug26\adt-bundle-windows-x86_64-20131030\sdk\tools;D:\Appium_Aug26\adt-bundle-windows-x86_64-20131030\sdk\platform-tools;D:\Appium_Aug26\adt-bundle-windows-x86_64-20131030\sdk\platforms;C:\Program Files\Java\jdk1.7.0_79\bin;C:\Users\anands\AppData\Roaming\npm
13 verbose lifecycle appium-uiautomator2-driver-test-1@1.2.56~prepublish: CWD: F:\Anand_Git_local\appium-uiautomator2-driver
14 silly lifecycle appium-uiautomator2-driver-test-1@1.2.56~prepublish: Args: [ '/d /s /c', 'gulp prepublish' ]
15 silly lifecycle appium-uiautomator2-driver-test-1@1.2.56~prepublish: Returned: code: 0  signal: null
16 verbose tar pack [ 'C:\\Users\\anands\\AppData\\Roaming\\npm-cache\\appium-uiautomator2-driver-test-1\\1.2.56\\package.tgz',
16 verbose tar pack   'F:\\Anand_Git_local\\appium-uiautomator2-driver' ]
17 verbose tarball C:\Users\anands\AppData\Roaming\npm-cache\appium-uiautomator2-driver-test-1\1.2.56\package.tgz
18 verbose folder F:\Anand_Git_local\appium-uiautomator2-driver
19 verbose addLocalTarball adding from inside cache C:\Users\anands\AppData\Roaming\npm-cache\appium-uiautomator2-driver-test-1\1.2.56\package.tgz
20 verbose correctMkdir C:\Users\anands\AppData\Roaming\npm-cache correctMkdir not in flight; initializing
21 silly cache afterAdd appium-uiautomator2-driver-test-1@1.2.56
22 verbose afterAdd C:\Users\anands\AppData\Roaming\npm-cache\appium-uiautomator2-driver-test-1\1.2.56\package\package.json not in flight; writing
23 verbose correctMkdir C:\Users\anands\AppData\Roaming\npm-cache correctMkdir not in flight; initializing
24 verbose afterAdd C:\Users\anands\AppData\Roaming\npm-cache\appium-uiautomator2-driver-test-1\1.2.56\package\package.json written
25 silly publish { name: 'appium-uiautomator2-driver-test-1',
25 silly publish   description: 'UiAutomator2 integration for Appium',
25 silly publish   keywords: [ 'appium', 'uiautomator2', 'automated testing', 'android' ],
25 silly publish   version: '1.2.56',
25 silly publish   author: { name: 'appium' },
25 silly publish   license: 'Apache-2.0',
25 silly publish   repository:
25 silly publish    { type: 'git',
25 silly publish      url: 'git+https://github.com/appium/appium-uiautomator2-driver.git' },
25 silly publish   bugs: { url: 'https://github.com/appium/appium-uiautomator2-driver/issues' },
25 silly publish   engines: [ 'node' ],
25 silly publish   main: './build/index.js',
25 silly publish   bin: {},
25 silly publish   directories: { lib: 'lib' },
25 silly publish   dependencies:
25 silly publish    { adbkit: '^2.4.1',
25 silly publish      'appium-adb': '^2.4.2',
25 silly publish      'appium-android-driver': '^1.6.11',
25 silly publish      'appium-base-driver': '^2.0.1',
25 silly publish      'appium-logger': '^2.1.0',
25 silly publish      'appium-uiautomator2-server-test-1': '0.0.44',
25 silly publish      'appium-support': '^2.0.9',
25 silly publish      asyncbox: '^2.3.1',
25 silly publish      'babel-runtime': '=5.8.24',
25 silly publish      lodash: '^3.10.1',
25 silly publish      'source-map-support': '^0.3.2',
25 silly publish      utf7: '^1.0.0',
25 silly publish      yargs: '^3.29.0' },
25 silly publish   scripts:
25 silly publish    { prepublish: 'gulp prepublish',
25 silly publish      test: 'gulp once',
25 silly publish      watch: 'gulp' },
25 silly publish   devDependencies:
25 silly publish    { 'appium-gulp-plugins': '^1.3.12',
25 silly publish      'appium-test-support': '0.0.5',
25 silly publish      chai: '^3.4.0',
25 silly publish      'chai-as-promised': '^5.1.0',
25 silly publish      gulp: '^3.9.0',
25 silly publish      sinon: '^1.17.2',
25 silly publish      wd: '^0.3.12' },
25 silly publish   readme: '\r\nAppium UiAutomator2 Driver is a test automation tool for Android devices. Appium UiAutomator2 Driver automates native, hybrid and mobile web apps, tested on simulators, emulators and real devices. Appium UiAutomator2 Driver is part of the [Appium](https://github.com/appium/appium) mobile test automation tool.\r\n\r\n## Installation\r\n```\r\nnpm install appium-uiautomator2-driver\r\n```\r\n\r\n## Usage\r\nImport Android Driver, set [desired capabilities](http://appium.io/slate/en/1.5/?javascript#appium-server-capabilities) and create a session:\r\n\r\n```\r\nimport { AndroidUiautomator2Driver } from `appium-uiautomator2-driver`\r\n\r\nlet defaultCaps = {\r\n  app: \'path/to/your.apk\',\r\n  deviceName: \'Android\',\r\n  platformName: \'Android\',\r\n  automationName: \'uiautomator2\'\r\n};\r\n\r\nlet driver = new AndroidUiautomator2Driver();\r\nawait driver.createSession(defaultCaps);\r\n```\r\n\r\n### Specifying and selecting devices/emulators\r\nThe driver will attempt to connect to a device/emulator based on these properties in the `desiredCapabilities` object:\r\n\r\n1. `avd`: Launch or connect to the emulator with the given name.\r\n1. `udid`: Connect to the device with the given UDID.\r\n1. `platformVersion`: Connect to the first device or active emulator whose OS begins with the desired OS. This means `platformVersion: 5` will take the first `5x` device from the output of `adb devices` if there are multiple available.\r\n\r\nIf none of these capabilities are given, the driver will connect to the first device or active emulator returned from the output of `adb devices`.\r\n\r\nIf more than one of these capabilities are given, the driver will only use first the capability in the order above. That is, `avd` takes priority over `udid`, which takes priority over `platformVersion`.\r\n\r\n\r\n## API Notes\r\n\r\n`lock` behaves differently in Android than it does in iOS. In Android it does not take any arguments, and locks the screen and returns immediately.\r\n\r\n\r\n## Watch\r\n\r\n```\r\nnpm run watch\r\n```\r\n\r\n## Test\r\n\r\n```\r\nnpm test\r\n```\r\n',
25 silly publish   readmeFilename: 'README.md',
25 silly publish   gitHead: 'd40f044adbf85e51a7aec304013c4333615f237b',
25 silly publish   homepage: 'https://github.com/appium/appium-uiautomator2-driver#readme',
25 silly publish   _id: 'appium-uiautomator2-driver-test-1@1.2.56',
25 silly publish   _shasum: '26773874b1b394aa40d0894bd904ce028f6da5b7',
25 silly publish   _from: '.' }
26 verbose getPublishConfig undefined
27 silly mapToRegistry name appium-uiautomator2-driver-test-1
28 silly mapToRegistry using default registry
29 silly mapToRegistry registry https://registry.npmjs.org/
30 silly mapToRegistry uri https://registry.npmjs.org/appium-uiautomator2-driver-test-1
31 verbose publish registryBase https://registry.npmjs.org/
32 silly publish uploading C:\Users\anands\AppData\Roaming\npm-cache\appium-uiautomator2-driver-test-1\1.2.56\package.tgz
33 verbose stack Error: auth required for publishing
33 verbose stack     at CachingRegistryClient.publish (C:\Users\anands\AppData\Roaming\npm\node_modules\npm\node_modules\npm-registry-client\lib\publish.js:30:14)
33 verbose stack     at C:\Users\anands\AppData\Roaming\npm\node_modules\npm\lib\publish.js:137:14
33 verbose stack     at mapToRegistry (C:\Users\anands\AppData\Roaming\npm\node_modules\npm\lib\utils\map-to-registry.js:55:3)
33 verbose stack     at publish_ (C:\Users\anands\AppData\Roaming\npm\node_modules\npm\lib\publish.js:106:3)
33 verbose stack     at Array.<anonymous> (C:\Users\anands\AppData\Roaming\npm\node_modules\npm\node_modules\slide\lib\bind-actor.js:15:8)
33 verbose stack     at LOOP (C:\Users\anands\AppData\Roaming\npm\node_modules\npm\node_modules\slide\lib\chain.js:15:14)
33 verbose stack     at LOOP (C:\Users\anands\AppData\Roaming\npm\node_modules\npm\node_modules\slide\lib\chain.js:14:28)
33 verbose stack     at chain (C:\Users\anands\AppData\Roaming\npm\node_modules\npm\node_modules\slide\lib\chain.js:20:5)
33 verbose stack     at C:\Users\anands\AppData\Roaming\npm\node_modules\npm\lib\publish.js:72:5
33 verbose stack     at RES (C:\Users\anands\AppData\Roaming\npm\node_modules\npm\node_modules\inflight\inflight.js:23:14)
34 verbose cwd F:\Anand_Git_local\appium-uiautomator2-driver
35 error Windows_NT 10.0.10586
36 error argv "C:\\Program Files\\nodejs\\node.exe" "C:\\Users\\anands\\AppData\\Roaming\\npm\\node_modules\\npm\\bin\\npm-cli.js" "publish"
37 error node v4.3.2
38 error npm  v3.7.5
39 error code ENEEDAUTH
40 error need auth auth required for publishing
41 error need auth You need to authorize this machine using `npm adduser`
42 verbose exit [ 1, true ]
